{"level":"warn","message":"Mensaje de Warning"}
{"level":"error","message":"Mensaje de ERROR"}
{"level":"warn","message":"Mensaje de Warning"}
{"level":"error","message":"Mensaje de ERROR"}
{"level":"warn","message":"Mensaje de Warning"}
{"level":"error","message":"Mensaje de ERROR"}
warning: Mensaje de Warning
error: Mensaje de ERROR
warning: Mensaje de Warning
error: Mensaje de ERROR

warn: Warning message
error: Error message
fatal: Fatal message
warn: Warning message
error: Error message
warn: Warning message
error: Error message
warn: Warning message
error: Error message
warn: Warning message
error: Error message
fatal: Fatal message
warn: Warning message
error: Error message
fatal: Fatal message
error: undefined
error: undefined
error: undefined
error: undefined
error: Code: ABC123 already exists
    - Choose another code.error: undefined
error: undefined
error: undefined
error: undefined
error: undefined
error: undefined
error: undefined
error: undefined
